This is LuaTeX, Version 1.10.0 (TeX Live 2019/Debian)  (format=lualatex 2020.5.23)  17 FEB 2021 15:21
 restricted system commands enabled.
**payslip_temp.tex
(./payslip_temp.tex
LaTeX2e <2020-02-02> patch level 2
Lua module: luaotfload-main 2020-02-02 3.12 luaotfload entry point
Lua module: luaotfload-init 2020-02-02 3.12 luaotfload submodule / initializatio
n
Lua module: lualibs 2020-02-02 2.70 ConTeXt Lua standard libraries.
Lua module: lualibs-extended 2020-02-02 2.70 ConTeXt Lua libraries -- extended c
ollection.
Lua module: luaotfload-log 2020-02-02 3.12 luaotfload submodule / logging
Lua module: luaotfload-parsers 2020-02-02 3.12 luaotfload submodule / filelist
Lua module: luaotfload-configuration 2020-02-02 3.12 luaotfload submodule / conf
ig file reader
luaotfload | conf : Root cache directory is /home/chris/.texlive2019/texmf-var/l
uatex-cache/generic-dev/names.
luaotfload | init : Loading fontloader “fontloader-2020-01-26.lua” from kpse
-resolved path “/usr/share/texlive/texmf-dist/tex/luatex/luaotfload/fontloader
-2020-01-26.lua”.
Lua-only attribute luaotfload@state = 2
Lua-only attribute luaotfload@noligature = 3
Lua-only attribute luaotfload@syllabe = 4
luaotfload | init : Context OpenType loader version “3.11”
Inserting `luaotfload.node_processor' at position 1 in `pre_linebreak_filter'.
Inserting `luaotfload.node_processor' at position 1 in `hpack_filter'.
Lua module: luaotfload-loaders 2020-02-02 3.12 luaotfload submodule / callback h
andling
Inserting `luaotfload.define_font' at position 1 in `define_font'.
Lua module: luaotfload-database 2020-02-02 3.12 luaotfload submodule / database
Lua module: luaotfload-unicode 2020-02-02 3.12 luaotfload submodule / Unicode he
lpers
Lua module: luaotfload-colors 2020-02-02 3.12 luaotfload submodule / color
Lua-only attribute luaotfload_color_attribute = 5
Lua module: luaotfload-resolvers 2020-02-02 3.12 luaotfload submodule / resolver
s
luaotfload | conf : Root cache directory is /home/chris/.texlive2019/texmf-var/l
uatex-cache/generic-dev/names.
Lua module: luaotfload-features 2020-02-02 3.12 luaotfload submodule / features
Lua module: luaotfload-letterspace 2020-02-02 3.12 luaotfload submodule / color
Lua module: luaotfload-embolden 2020-02-02 3.12 luaotfload submodule / color
Lua module: luaotfload-notdef 2020-02-02 3.12 luaotfload submodule / color
Lua module: luaotfload-auxiliary 2020-02-02 3.12 luaotfload submodule / auxiliar
y functions
Inserting `luaotfload.aux.set_sscale_dimens' at position 1 in `luaotfload.patch_
font'.
Inserting `luaotfload.aux.set_font_index' at position 2 in `luaotfload.patch_fon
t'.
Inserting `luaotfload.aux.patch_cambria_domh' at position 3 in `luaotfload.patch
_font'.
Inserting `luaotfload.aux.fixup_fontdata' at position 1 in `luaotfload.patch_fon
t_unsafe'.
Inserting `luaotfload.aux.set_capheight' at position 4 in `luaotfload.patch_font
'.
Inserting `luaotfload.aux.set_xheight' at position 5 in `luaotfload.patch_font'.
Lua module: luaotfload-fallback 2020-02-02 3.12 luaotfload submodule / fallback
Lua module: luaotfload-multiscript 2020-02-02 3.12 luaotfload submodule / multis
cript
Lua module: luaotfload-script 2020-02-02 3.12 luaotfload submodule / Script help
ers
Lua module: luaotfload-tounicode 2020-02-02 3.12 luaotfload submodule / tounicod
e
Inserting `luaotfload.rewrite_fontname' at position 6 in `luaotfload.patch_font'
. L3 programming layer <2020-02-14>
(/usr/share/texlive/texmf-dist/tex/latex/base/article.cls
Document Class: article 2019/12/20 v1.4l Standard LaTeX document class
(/usr/share/texlive/texmf-dist/tex/latex/base/size10.clo
File: size10.clo 2019/12/20 v1.4l Standard LaTeX file (size option)
luaotfload | db : Font names database loaded from /home/chris/.texlive2019/texmf
-var/luatex-cache/generic-dev/names/luaotfload-names.luc)
\c@part=\count163
\c@section=\count164
\c@subsection=\count165
\c@subsubsection=\count166
\c@paragraph=\count167
\c@subparagraph=\count168
\c@figure=\count169
\c@table=\count170
\abovecaptionskip=\skip47
\belowcaptionskip=\skip48
\bibindent=\dimen134
)
(/usr/share/texlive/texmf-dist/tex/latex/geometry/geometry.sty
Package: geometry 2020/01/02 v5.9 Page Geometry

(/usr/share/texlive/texmf-dist/tex/latex/graphics/keyval.sty
Package: keyval 2014/10/28 v1.15 key=value parser (DPC)
\KV@toks@=\toks14
)
(/usr/share/texlive/texmf-dist/tex/generic/iftex/ifvtex.sty
Package: ifvtex 2019/10/25 v1.7 ifvtex legacy package. Use iftex instead.

(/usr/share/texlive/texmf-dist/tex/generic/iftex/iftex.sty
Package: iftex 2019/11/07 v1.0c TeX engine tests
))
\Gm@cnth=\count171
\Gm@cntv=\count172
\c@Gm@tempcnt=\count173
\Gm@bindingoffset=\dimen135
\Gm@wd@mp=\dimen136
\Gm@odd@mp=\dimen137
\Gm@even@mp=\dimen138
\Gm@layoutwidth=\dimen139
\Gm@layoutheight=\dimen140
\Gm@layouthoffset=\dimen141
\Gm@layoutvoffset=\dimen142
\Gm@dimlist=\toks15
)
(/usr/share/texlive/texmf-dist/tex/latex/graphics/color.sty
Package: color 2019/11/23 v1.2a Standard LaTeX Color (DPC)

(/usr/share/texlive/texmf-dist/tex/latex/graphics-cfg/color.cfg
File: color.cfg 2016/01/02 v1.6 sample color configuration
)
Package color Info: Driver file: luatex.def on input line 147.

(/usr/share/texlive/texmf-dist/tex/latex/graphics-def/luatex.def
File: luatex.def 2018/01/08 v1.0l Graphics/color driver for luatex
))
(/usr/share/texlive/texmf-dist/tex/latex/colortbl/colortbl.sty
Package: colortbl 2020/01/04 v1.0e Color table columns (DPC)

(/usr/share/texlive/texmf-dist/tex/latex/tools/array.sty
Package: array 2019/08/31 v2.4l Tabular extension package (FMi)
\col@sep=\dimen143
\ar@mcellbox=\box45
\extrarowheight=\dimen144
\NC@list=\toks16
\extratabsurround=\skip49
\backup@length=\skip50
\ar@cellbox=\box46
)
\everycr=\toks17
\minrowclearance=\skip51
)
(/usr/share/texlive/texmf-dist/tex/latex/tools/hhline.sty
Package: hhline 2020/01/04 v2.04 Table rule package (DPC)
)
(/usr/share/texlive/texmf-dist/tex/latex/l3backend/l3backend-pdfmode.def
File: l3backend-pdfmode.def 2020-02-03 L3 backend support: PDF mode
\l__kernel_color_stack_int=\count174
\l__pdf_internal_box=\box47
)
(./payslip_temp.aux)
\openout1 = payslip_temp.aux

LaTeX Font Info:    Checking defaults for OML/cmm/m/it on input line 19.
LaTeX Font Info:    ... okay on input line 19.
LaTeX Font Info:    Checking defaults for OMS/cmsy/m/n on input line 19.
LaTeX Font Info:    ... okay on input line 19.
LaTeX Font Info:    Checking defaults for OT1/cmr/m/n on input line 19.
LaTeX Font Info:    ... okay on input line 19.
LaTeX Font Info:    Checking defaults for T1/cmr/m/n on input line 19.
LaTeX Font Info:    ... okay on input line 19.
LaTeX Font Info:    Checking defaults for TS1/cmr/m/n on input line 19.
LaTeX Font Info:    Trying to load font information for TS1+cmr on input line 19
.
 (/usr/share/texlive/texmf-dist/tex/latex/base/ts1cmr.fd
File: ts1cmr.fd 2019/12/16 v2.5j Standard LaTeX font definitions
)
LaTeX Font Info:    ... okay on input line 19.
LaTeX Font Info:    Checking defaults for TU/lmr/m/n on input line 19.
LaTeX Font Info:    ... okay on input line 19.
LaTeX Font Info:    Checking defaults for OMX/cmex/m/n on input line 19.
LaTeX Font Info:    ... okay on input line 19.
LaTeX Font Info:    Checking defaults for U/cmr/m/n on input line 19.
LaTeX Font Info:    ... okay on input line 19.

*geometry* driver: auto-detecting
*geometry* detected driver: luatex
*geometry* verbose mode - [ preamble ] result:
* driver: luatex
* paper: <default>
* layout: <same size as paper>
* layoutoffset:(h,v)=(0.0pt,0.0pt)
* modes: 
* h-part:(L,W,R)=(92.14519pt, 430.00462pt, 92.14519pt)
* v-part:(T,H,B)=(95.39737pt, 556.47656pt, 143.09605pt)
* \paperwidth=614.295pt
* \paperheight=361.34999pt
* \textwidth=430.00462pt
* \textheight=556.47656pt
* \oddsidemargin=0.0pt
* \evensidemargin=19.8752pt
* \topmargin=-13.87262pt
* \headheight=12.0pt
* \headsep=0.0pt
* \topskip=10.0pt
* \footskip=30.0pt
* \marginparwidth=65.0pt
* \marginparsep=11.0pt
* \columnsep=10.0pt
* \skip\footins=9.0pt plus 4.0pt minus 2.0pt
* \hoffset=0.0pt
* \voffset=-36.135pt
* \mag=1000
* \@twocolumnfalse
* \@twosidefalse
* \@mparswitchfalse
* \@reversemarginfalse
* (1in=72.27pt=25.4mm, 1cm=28.453pt)

(/usr/share/texlive/texmf-dist/tex/context/base/mkii/supp-pdf.mkii
[Loading MPS to PDF converter (version 2006.09.02).]
\scratchcounter=\count175
\scratchdimen=\dimen145
\scratchbox=\box48
\nofMPsegments=\count176
\nofMParguments=\count177
\everyMPshowfont=\toks18
\MPscratchCnt=\count178
\MPscratchDim=\dimen146
\MPnumerator=\count179
\makeMPintoPDFobject=\count180
\everyMPtoPDFconversion=\toks19
)
LaTeX Font Info:    External font `cmex10' loaded for size
(Font)              <24.88> on input line 24.
LaTeX Font Info:    External font `cmex10' loaded for size
(Font)              <20.74> on input line 24.
LaTeX Font Info:    External font `cmex10' loaded for size
(Font)              <17.28> on input line 24.
LaTeX Font Info:    External font `cmex10' loaded for size
(Font)              <7> on input line 29.
LaTeX Font Info:    External font `cmex10' loaded for size
(Font)              <5> on input line 29.

Overfull \hbox (53.35541pt too wide) in paragraph at lines 29--33
 [][] 
 []


Overfull \hbox (49.03534pt too wide) in paragraph at lines 39--53
[][] 
 []

[1

{/var/lib/texmf/fonts/map/pdftex/updmap/pdftex.map}] (./payslip_temp.aux))

Here is how much of LuaTeX's memory you used:
 1682 strings out of 481365
 100000,319454 words of node,token memory allocated
 454 words of node memory still in use:
   3 hlist, 2 vlist, 3 rule, 3 glue, 3 kern, 1 glyph, 5 attribute, 50 glue_spec,
 5 attribute_list, 1 write nodes
   avail lists: 2:1039,3:11,4:16,5:75,6:4,7:1112,8:2,9:522,11:36
 18757 multiletter control sequences out of 65536+600000
 47 fonts using 4836091 bytes
 30i,9n,25p,272b,255s stack positions out of 5000i,500n,10000p,200000b,100000s
</usr/share/texmf/fonts/opentype/public/lm/lmroman10-regular.otf></usr/share/tex
mf/fonts/opentype/public/lm/lmroman10-bold.otf></usr/share/texmf/fonts/opentype/
public/lm/lmroman12-bold.otf>
Output written on payslip_temp.pdf (1 page, 15739 bytes).

PDF statistics: 29 PDF objects out of 1000 (max. 8388607)
 16 compressed objects within 1 object stream
 0 named destinations out of 1000 (max. 131072)
 1 words of extra memory for PDF output out of 10000 (max. 100000000)

